<?xml version="1.0" encoding="UTF-8"?>
<!-- Generated by org.testng.reporters.JUnitReportReporter -->
<testsuite hostname="R3NRCX06F77113E" failures="0" tests="1" name="com.swaglab.login.Tc10" time="2.612" errors="0" timestamp="2024-07-01T17:17:42 IST" skipped="0">
  <testcase classname="com.swaglab.login.Tc10" name="tc03" time="2.612"/>
  <system-out/>
</testsuite> <!-- com.swaglab.login.Tc10 -->
