<?xml version="1.0" encoding="UTF-8"?>
<!-- Generated by org.testng.reporters.JUnitReportReporter -->
<testsuite hostname="R3NRCX06F77113E" failures="0" tests="1" name="com.swaglab.login.Tc07" time="2.232" errors="0" timestamp="2024-06-26T10:12:00 IST" skipped="0">
  <testcase classname="com.swaglab.login.Tc07" name="tc03" time="2.232"/>
  <system-out/>
</testsuite> <!-- com.swaglab.login.Tc07 -->
