<?xml version="1.0" encoding="UTF-8"?>
<!-- Generated by org.testng.reporters.JUnitReportReporter -->
<testsuite hostname="R3NRCX06F77113E" failures="0" tests="1" name="com.swaglab.login.Tc11" time="5.600" errors="0" timestamp="2024-07-19T10:50:25 IST" skipped="0">
  <testcase classname="com.swaglab.login.Tc11" name="tc03" time="5.600"/>
  <system-out/>
</testsuite> <!-- com.swaglab.login.Tc11 -->
