<?xml version="1.0" encoding="UTF-8"?>
<!-- Generated by org.testng.reporters.JUnitReportReporter -->
<testsuite hostname="R3NRCX06F77113E" failures="0" tests="1" name="com.swaglab.login.Tc11" time="4.319" errors="0" timestamp="2024-06-26T11:39:52 IST" skipped="0">
  <testcase classname="com.swaglab.login.Tc11" name="tc03" time="4.319"/>
  <system-out/>
</testsuite> <!-- com.swaglab.login.Tc11 -->
