<?xml version="1.0" encoding="UTF-8"?>
<!-- Generated by org.testng.reporters.JUnitReportReporter -->
<testsuite hostname="R3NRCX06F77113E" failures="0" tests="1" name="com.swaglab.Productpage.Tc06" time="2.320" errors="0" timestamp="2024-07-09T14:12:13 IST" skipped="0">
  <testcase classname="com.swaglab.Productpage.Tc06" name="tc03" time="2.320"/>
  <system-out/>
</testsuite> <!-- com.swaglab.Productpage.Tc06 -->
