<?xml version="1.0" encoding="UTF-8"?>
<!-- Generated by org.testng.reporters.JUnitReportReporter -->
<testsuite hostname="R3NRCX06F77113E" failures="0" tests="1" name="com.swaglab.Productpage.Tc02" time="2.819" errors="0" timestamp="2024-06-28T11:59:58 IST" skipped="0">
  <testcase classname="com.swaglab.Productpage.Tc02" name="tc02" time="2.819"/>
  <system-out/>
</testsuite> <!-- com.swaglab.Productpage.Tc02 -->
