<?xml version="1.0" encoding="UTF-8"?>
<!-- Generated by org.testng.reporters.JUnitReportReporter -->
<testsuite hostname="R3NRCX06F77113E" failures="0" tests="1" name="com.swaglab.Productpage.Tc03" time="2.566" errors="0" timestamp="2024-06-28T10:27:43 IST" skipped="0">
  <testcase classname="com.swaglab.Productpage.Tc03" name="tc03" time="2.566"/>
  <system-out/>
</testsuite> <!-- com.swaglab.Productpage.Tc03 -->
