<?xml version="1.0" encoding="UTF-8"?>
<!-- Generated by org.testng.reporters.JUnitReportReporter -->
<testsuite hostname="R3NRCX06F77113E" failures="0" tests="1" name="com.swaglab.Productpage.Tc06" time="3.909" errors="0" timestamp="2024-07-08T14:16:10 IST" skipped="0">
  <testcase classname="com.swaglab.Productpage.Tc06" name="tc03" time="3.909"/>
  <system-out/>
</testsuite> <!-- com.swaglab.Productpage.Tc06 -->
