<?xml version="1.0" encoding="UTF-8"?>
<!-- Generated by org.testng.reporters.JUnitReportReporter -->
<testsuite hostname="R3NRCX06F77113E" failures="0" tests="1" name="com.swaglab.Productpage.Tc01" time="2.913" errors="0" timestamp="2024-06-27T12:44:27 IST" skipped="0">
  <testcase classname="com.swaglab.Productpage.Tc01" name="tc03" time="2.913"/>
  <system-out/>
</testsuite> <!-- com.swaglab.Productpage.Tc01 -->
