<?xml version="1.0" encoding="UTF-8"?>
<!-- Generated by org.testng.reporters.JUnitReportReporter -->
<testsuite hostname="R3NRCX06F77113E" failures="0" tests="1" name="com.swaglab.login.Tc04" time="1.152" errors="0" timestamp="2024-07-01T12:01:09 IST" skipped="0">
  <testcase classname="com.swaglab.login.Tc04" name="tc01" time="1.152"/>
  <system-out/>
</testsuite> <!-- com.swaglab.login.Tc04 -->
